<?xml version="1.0" encoding="UTF-8"?>
<testng-results skipped="0" failed="0" total="1" passed="1">
  <reporter-output>
  </reporter-output>
  <suite name="Default suite" duration-ms="114163" started-at="2017-06-12T19:52:06Z" finished-at="2017-06-12T19:54:00Z">
    <groups>
    </groups>
    <test name="Default test" duration-ms="114163" started-at="2017-06-12T19:52:06Z" finished-at="2017-06-12T19:54:00Z">
      <class name="com.agm.Judi.tests.DemoTest">
        <test-method status="PASS" signature="beforeMethod()[pri:0, instance:com.agm.Judi.tests.DemoTest@335eadca]" name="beforeMethod" is-config="true" duration-ms="605" started-at="2017-06-12T15:52:06Z" finished-at="2017-06-12T15:52:07Z">
          <reporter-output>
          </reporter-output>
        </test-method> <!-- beforeMethod -->
        <test-method status="PASS" signature="Test()[pri:0, instance:com.agm.Judi.tests.DemoTest@335eadca]" name="Test" duration-ms="112543" started-at="2017-06-12T15:52:07Z" finished-at="2017-06-12T15:53:59Z">
          <reporter-output>
          </reporter-output>
        </test-method> <!-- Test -->
        <test-method status="PASS" signature="afterMethod(org.testng.ITestResult)[pri:0, instance:com.agm.Judi.tests.DemoTest@335eadca]" name="afterMethod" is-config="true" duration-ms="1001" started-at="2017-06-12T15:53:59Z" finished-at="2017-06-12T15:54:00Z">
          <params>
            <param index="0">
              <value>
                <![CDATA[[TestResult name=Test status=SUCCESS method=DemoTest.Test()[pri:0, instance:com.agm.Judi.tests.DemoTest@335eadca] output={null}]]]>
              </value>
            </param>
          </params>
          <reporter-output>
          </reporter-output>
        </test-method> <!-- afterMethod -->
      </class> <!-- com.agm.Judi.tests.DemoTest -->
    </test> <!-- Default test -->
  </suite> <!-- Default suite -->
</testng-results>
