<?xml version="1.0" encoding="UTF-8"?>
<testng-results skipped="0" failed="0" total="1" passed="1">
  <reporter-output>
  </reporter-output>
  <suite name="Suite" duration-ms="32295" started-at="2017-05-18T20:03:24Z" finished-at="2017-05-18T20:03:57Z">
    <groups>
    </groups>
    <test name="Test" duration-ms="32295" started-at="2017-05-18T20:03:24Z" finished-at="2017-05-18T20:03:57Z">
      <class name="com.agm.Judi.tests.DemoTest">
        <test-method status="PASS" signature="beforeMethod()[pri:0, instance:com.agm.Judi.tests.DemoTest@20398b7c]" name="beforeMethod" is-config="true" duration-ms="675" started-at="2017-05-18T16:03:24Z" finished-at="2017-05-18T16:03:25Z">
          <reporter-output>
          </reporter-output>
        </test-method> <!-- beforeMethod -->
        <test-method status="PASS" signature="Test()[pri:0, instance:com.agm.Judi.tests.DemoTest@20398b7c]" name="Test" duration-ms="29412" started-at="2017-05-18T16:03:25Z" finished-at="2017-05-18T16:03:55Z">
          <reporter-output>
          </reporter-output>
        </test-method> <!-- Test -->
        <test-method status="PASS" signature="afterMethod()[pri:0, instance:com.agm.Judi.tests.DemoTest@20398b7c]" name="afterMethod" is-config="true" duration-ms="2185" started-at="2017-05-18T16:03:55Z" finished-at="2017-05-18T16:03:57Z">
          <reporter-output>
          </reporter-output>
        </test-method> <!-- afterMethod -->
      </class> <!-- com.agm.Judi.tests.DemoTest -->
    </test> <!-- Test -->
  </suite> <!-- Suite -->
</testng-results>
